<?xml version="1.0" encoding="UTF-8"?>
<!-- Generated by org.testng.reporters.JUnitReportReporter -->
<testsuite hostname="Manoj_Kumar_M" failures="0" tests="6" name="testng.Demo" time="0.019" errors="0" timestamp="2023-11-04T16:54:07 IST" skipped="1">
  <testcase classname="testng.Demo" name="openBrowser" time="0.009">
    <system-out>
      <![CDATA[Browser opened Successfully]]>
    </system-out>
  </testcase> <!-- openBrowser -->
  <testcase classname="testng.Demo" name="login" time="0.003">
    <system-out>
      <![CDATA[Logged in Successfully]]>
    </system-out>
  </testcase> <!-- login -->
  <testcase classname="testng.Demo" name="login" time="0.003">
    <system-out>
      <![CDATA[Logged in Successfully]]>
    </system-out>
  </testcase> <!-- login -->
  <testcase classname="testng.Demo" name="login" time="0.002">
    <system-out>
      <![CDATA[Logged in Successfully]]>
    </system-out>
  </testcase> <!-- login -->
  <testcase classname="testng.Demo" name="login" time="0.002">
    <system-out>
      <![CDATA[Logged in Successfully]]>
    </system-out>
  </testcase> <!-- login -->
  <testcase classname="testng.Demo" name="register">
    <skipped/>
  </testcase> <!-- register -->
  <system-out>
    <![CDATA[Browser opened Successfully
Logged in Successfully
Logged in Successfully
Logged in Successfully
Logged in Successfully]]>
  </system-out>
</testsuite> <!-- testng.Demo -->
