<?xml version="1.0" encoding="UTF-8"?>
<!-- Generated by org.testng.reporters.JUnitReportReporter -->
<testsuite hostname="Manoj_Kumar_M" failures="0" tests="1" name="testng.disabled" time="4.719" errors="0" timestamp="2023-11-04T17:37:25 IST" skipped="0">
  <testcase classname="testng.disabled" name="disabled" time="4.719"/>
</testsuite> <!-- testng.disabled -->
